<testsuites id="" name="" tests="16" failures="3" skipped="1" errors="0" time="538.78946">
<testsuite name="maptive.spec.js" timestamp="2023-10-06T08:24:47.182Z" hostname="chromium" tests="2" failures="0" skipped="0" time="72.106" errors="0">
<testcase name="Check markers" classname="maptive.spec.js" time="43.662">
<system-out>
<![CDATA[Marker 2
Marker 4
Marker 5
Marker 6
]]>
</system-out>
</testcase>
<testcase name="Check buttons" classname="maptive.spec.js" time="28.444">
</testcase>
</testsuite>
<testsuite name="visual.spec.js" timestamp="2023-10-06T08:24:47.182Z" hostname="chromium" tests="14" failures="3" skipped="1" time="464.533" errors="0">
<testcase name="Check markers" classname="visual.spec.js" time="46.006">
<failure message="visual.spec.js:12:1 Check markers" type="FAILURE">
<![CDATA[  [chromium] › visual.spec.js:12:1 › Check markers ─────────────────────────────────────────────────

    Error: Screenshot comparison failed:

      35634 pixels (ratio 0.02 of all image pixels) are different.

    Call log:
      - expect.toHaveScreenshot with timeout 10000ms
      -   verifying given screenshot expectation
      - taking page screenshot
      -   disabled all CSS animations
      - 35759 pixels (ratio 0.02 of all image pixels) are different.
      - waiting 100ms before taking screenshot
      - taking page screenshot
      -   disabled all CSS animations
      - 131 pixels (ratio 0.01 of all image pixels) are different.
      - waiting 250ms before taking screenshot
      - taking page screenshot
      -   disabled all CSS animations
      - captured a stable screenshot
      - 35634 pixels (ratio 0.02 of all image pixels) are different.

    Expected: /home/runner/work/MaptiveV5-FE/MaptiveV5-FE/automation/tests/visual.spec.js-snapshots/Check-markers-1-chromium-linux.png
    Received: /home/runner/work/MaptiveV5-FE/MaptiveV5-FE/automation/test-results/visual-Check-markers-chromium/Check-markers-1-actual.png
        Diff: /home/runner/work/MaptiveV5-FE/MaptiveV5-FE/automation/test-results/visual-Check-markers-chromium/Check-markers-1-diff.png

      13 |   await mapPage.clickToMarker('Marker 4')
      14 |   await mapPage.checkVisibleMarkers('Marker 2', 'Marker 4', 'Marker 5', 'Marker 6')
    > 15 |   await expect(page).toHaveScreenshot()
         |                      ^
      16 | });
      17 |
      18 | test('Check search', async ({page}) => {

        at /home/runner/work/MaptiveV5-FE/MaptiveV5-FE/automation/tests/visual.spec.js:15:22

    attachment #1: Check-markers-1-expected.png (image/png) ────────────────────────────────────────
    tests/visual.spec.js-snapshots/Check-markers-1-chromium-linux.png
    ────────────────────────────────────────────────────────────────────────────────────────────────

    attachment #2: Check-markers-1-actual.png (image/png) ──────────────────────────────────────────
    test-results/visual-Check-markers-chromium/Check-markers-1-actual.png
    ────────────────────────────────────────────────────────────────────────────────────────────────

    attachment #3: Check-markers-1-diff.png (image/png) ────────────────────────────────────────────
    test-results/visual-Check-markers-chromium/Check-markers-1-diff.png
    ────────────────────────────────────────────────────────────────────────────────────────────────

    attachment #4: screenshot (image/png) ──────────────────────────────────────────────────────────
    test-results/visual-Check-markers-chromium/test-failed-1.png
    ────────────────────────────────────────────────────────────────────────────────────────────────
]]>
</failure>
<system-out>
<![CDATA[Marker 2
Marker 4
Marker 5
Marker 6

[[ATTACHMENT|visual.spec.js-snapshots/Check-markers-1-chromium-linux.png]]

[[ATTACHMENT|../test-results/visual-Check-markers-chromium/Check-markers-1-actual.png]]

[[ATTACHMENT|../test-results/visual-Check-markers-chromium/Check-markers-1-diff.png]]

[[ATTACHMENT|../test-results/visual-Check-markers-chromium/test-failed-1.png]]
]]>
</system-out>
</testcase>
<testcase name="Check search" classname="visual.spec.js" time="38.377">
<failure message="visual.spec.js:18:1 Check search" type="FAILURE">
<![CDATA[  [chromium] › visual.spec.js:18:1 › Check search ──────────────────────────────────────────────────

    Error: A snapshot doesn't exist at /home/runner/work/MaptiveV5-FE/MaptiveV5-FE/automation/tests/visual.spec.js-snapshots/Check-search-1-chromium-linux.png, writing actual.

      18 | test('Check search', async ({page}) => {
      19 |   await mapPage.openSearch()
    > 20 |   await expect(page).toHaveScreenshot()
         |   ^
      21 | });
      22 |
      23 | test.skip('Check satellite view', async ({page}) => {

        at /home/runner/work/MaptiveV5-FE/MaptiveV5-FE/automation/tests/visual.spec.js:20:3

    attachment #1: Check-search-1-actual.png (image/png) ───────────────────────────────────────────
    test-results/visual-Check-search-chromium/Check-search-1-actual.png
    ────────────────────────────────────────────────────────────────────────────────────────────────

    attachment #2: screenshot (image/png) ──────────────────────────────────────────────────────────
    test-results/visual-Check-search-chromium/test-failed-1.png
    ────────────────────────────────────────────────────────────────────────────────────────────────
]]>
</failure>
<system-out>
<![CDATA[
[[ATTACHMENT|../test-results/visual-Check-search-chromium/Check-search-1-actual.png]]

[[ATTACHMENT|../test-results/visual-Check-search-chromium/test-failed-1.png]]
]]>
</system-out>
</testcase>
<testcase name="Check satellite view" classname="visual.spec.js" time="0">
<properties>
<property name="skip" value="">
</property>
</properties>
<skipped>
</skipped>
</testcase>
<testcase name="Check export map print" classname="visual.spec.js" time="34.775">
</testcase>
<testcase name="Check distance calculator" classname="visual.spec.js" time="28.674">
</testcase>
<testcase name="Check location finder" classname="visual.spec.js" time="33.731">
</testcase>
<testcase name="Check add marker" classname="visual.spec.js" time="36.125">
</testcase>
<testcase name="Check export data" classname="visual.spec.js" time="27.875">
</testcase>
<testcase name="Check left side menu - map tools" classname="visual.spec.js" time="36.297">
</testcase>
<testcase name="Check left side menu - map settings" classname="visual.spec.js" time="39.673">
</testcase>
<testcase name="Check left side menu - save map view" classname="visual.spec.js" time="35.888">
</testcase>
<testcase name="Check left side menu - share map" classname="visual.spec.js" time="28.7">
</testcase>
<testcase name="Check left side menu - account settings" classname="visual.spec.js" time="41.042">
</testcase>
<testcase name="Check left side menu - help" classname="visual.spec.js" time="37.37">
<failure message="visual.spec.js:79:1 Check left side menu - help" type="FAILURE">
<![CDATA[  [chromium] › visual.spec.js:79:1 › Check left side menu - help ───────────────────────────────────

    Error: Screenshot comparison failed:

      38198 pixels (ratio 0.02 of all image pixels) are different.

    Call log:
      - expect.toHaveScreenshot with timeout 10000ms
      -   verifying given screenshot expectation
      - taking page screenshot
      -   disabled all CSS animations
      - 38198 pixels (ratio 0.02 of all image pixels) are different.
      - waiting 100ms before taking screenshot
      - taking page screenshot
      -   disabled all CSS animations
      - captured a stable screenshot
      - 38198 pixels (ratio 0.02 of all image pixels) are different.

    Expected: /home/runner/work/MaptiveV5-FE/MaptiveV5-FE/automation/tests/visual.spec.js-snapshots/Check-left-side-menu---help-1-chromium-linux.png
    Received: /home/runner/work/MaptiveV5-FE/MaptiveV5-FE/automation/test-results/visual-Check-left-side-menu---help-chromium/Check-left-side-menu---help-1-actual.png
        Diff: /home/runner/work/MaptiveV5-FE/MaptiveV5-FE/automation/test-results/visual-Check-left-side-menu---help-chromium/Check-left-side-menu---help-1-diff.png

      79 | test('Check left side menu - help', async ({page}) => {
      80 |   await mapPage.openHelp()
    > 81 |   await expect(page).toHaveScreenshot()
         |                      ^
      82 | });
      83 |

        at /home/runner/work/MaptiveV5-FE/MaptiveV5-FE/automation/tests/visual.spec.js:81:22

    attachment #1: Check-left-side-menu---help-1-expected.png (image/png) ──────────────────────────
    tests/visual.spec.js-snapshots/Check-left-side-menu---help-1-chromium-linux.png
    ────────────────────────────────────────────────────────────────────────────────────────────────

    attachment #2: Check-left-side-menu---help-1-actual.png (image/png) ────────────────────────────
    test-results/visual-Check-left-side-menu---help-chromium/Check-left-side-menu---help-1-actual.png
    ────────────────────────────────────────────────────────────────────────────────────────────────

    attachment #3: Check-left-side-menu---help-1-diff.png (image/png) ──────────────────────────────
    test-results/visual-Check-left-side-menu---help-chromium/Check-left-side-menu---help-1-diff.png
    ────────────────────────────────────────────────────────────────────────────────────────────────

    attachment #4: screenshot (image/png) ──────────────────────────────────────────────────────────
    test-results/visual-Check-left-side-menu---help-chromium/test-failed-1.png
    ────────────────────────────────────────────────────────────────────────────────────────────────
]]>
</failure>
<system-out>
<![CDATA[
[[ATTACHMENT|visual.spec.js-snapshots/Check-left-side-menu---help-1-chromium-linux.png]]

[[ATTACHMENT|../test-results/visual-Check-left-side-menu---help-chromium/Check-left-side-menu---help-1-actual.png]]

[[ATTACHMENT|../test-results/visual-Check-left-side-menu---help-chromium/Check-left-side-menu---help-1-diff.png]]

[[ATTACHMENT|../test-results/visual-Check-left-side-menu---help-chromium/test-failed-1.png]]
]]>
</system-out>
</testcase>
</testsuite>
</testsuites>